12-31-2018  13:01:36

0234729TG00000 -- 123 -- Unlocked
Opening Policy
Setup Policy
Creating Coding
Current TransSeqNo:      4
Current OOS Coding:      0
Coding 0 [Coding process completed succesfully]
Calling UserHook
UserHook 0 [User Hook [A7GarUH.UserHook] Error 429]
Cleanup Policy
Closing Policy



12-31-2018  13:01:42

2283679TG00000 -- 123 -- Unlocked
Opening Policy
Setup Policy
Creating Coding
Current TransSeqNo:      4
Current OOS Coding:      0
Coding 0 [Coding process completed succesfully]
Calling UserHook
UserHook 0 [User Hook [A7GarUH.UserHook] Error 429]
Cleanup Policy
Closing Policy



12-31-2018  13:01:47

3852369TG00000 -- 123 -- Unlocked
Opening Policy
Setup Policy
Creating Coding
Current TransSeqNo:      5
Current OOS Coding:      0
Coding 0 [Coding process completed succesfully]
Calling UserHook
UserHook 0 [User Hook [A7GarUH.UserHook] Error 429]
Cleanup Policy
Closing Policy



12-31-2018  13:01:58

99634801TG0000 -- 123 -- Unlocked
Opening Policy
Setup Policy
Creating Coding
Current TransSeqNo:      7
Current OOS Coding:      0
Coding 0 [Coding process completed succesfully]
Calling UserHook
UserHook 0 [User Hook [A7GarUH.UserHook] Error 429]
Cleanup Policy
Closing Policy



12-31-2018  13:02:01

2337659TG00000 -- 123 -- Unlocked
Opening Policy
Setup Policy
Creating Coding
Current TransSeqNo:      9
Current OOS Coding:      0
Coding 0 [Coding process completed succesfully]
Calling UserHook
UserHook 0 [User Hook [A7GarUH.UserHook] Error 429]
Cleanup Policy
Closing Policy



12-31-2018  13:02:06

33445111TG0000 -- 123 -- Unlocked
Opening Policy
Setup Policy
Creating Coding
Current TransSeqNo:      1
Current OOS Coding:      0
Coding 0 [Coding process completed succesfully]
Calling UserHook
UserHook 0 [User Hook [A7GarUH.UserHook] Error 429]
Cleanup Policy
Closing Policy



12-31-2018  13:02:11

6333139TG00000 -- 123 -- Unlocked
Opening Policy
Setup Policy
Creating Coding
Current TransSeqNo:      8
Current OOS Coding:      0
Coding 0 [Coding process completed succesfully]
Calling UserHook
UserHook 0 [User Hook [A7GarUH.UserHook] Error 429]
Cleanup Policy
Closing Policy



12-31-2018  13:02:15

7445479TG00000 -- 123 -- Unlocked
Opening Policy
Setup Policy
Creating Coding
Current TransSeqNo:      6
Current OOS Coding:      0
Coding 0 [Coding process completed succesfully]
Calling UserHook
UserHook 0 [User Hook [A7GarUH.UserHook] Error 429]
Cleanup Policy
Closing Policy



12-31-2018  13:02:19

5930529TG00000 -- 123 -- Unlocked
Opening Policy
Setup Policy
Creating Coding
Current TransSeqNo:      13
Current OOS Coding:      0
Coding 0 [Coding process completed succesfully]
Calling UserHook
UserHook 0 [User Hook [A7GarUH.UserHook] Error 429]
Cleanup Policy
Closing Policy



12-31-2018  13:02:30

24564701TG0000 -- 123 -- Unlocked
Opening Policy
Setup Policy
Creating Coding
Current TransSeqNo:      5
Current OOS Coding:      0
Coding 0 [Coding process completed succesfully]
Calling UserHook
UserHook 0 [User Hook [A7GarUH.UserHook] Error 429]
Cleanup Policy
Closing Policy



12-31-2018  13:02:39

08760601TG0000 -- 123 -- Unlocked
Opening Policy
Setup Policy
Creating Coding
Current TransSeqNo:      11
Current OOS Coding:      0
Coding 0 [Coding process completed succesfully]
Calling UserHook
UserHook 0 [User Hook [A7GarUH.UserHook] Error 429]
Cleanup Policy
Closing Policy



12-31-2018  13:02:43

97616801TG0000 -- 123 -- Unlocked
Opening Policy
Setup Policy
Creating Coding
Current TransSeqNo:      2
Current OOS Coding:      0
Coding 0 [Coding process completed succesfully]
Calling UserHook
UserHook 0 [User Hook [A7GarUH.UserHook] Error 429]
Cleanup Policy
Closing Policy



12-31-2018  13:02:48

87992001TG0000 -- 123 -- Unlocked
Opening Policy
Setup Policy
Creating Coding
Current TransSeqNo:      7
Current OOS Coding:      0
Coding 0 [Coding process completed succesfully]
Calling UserHook
UserHook 0 [User Hook [A7GarUH.UserHook] Error 429]
Cleanup Policy
Closing Policy



12-31-2018  13:02:51

60291311TG0000 -- 123 -- Unlocked
Opening Policy
Setup Policy
Creating Coding
Current TransSeqNo:      1
Current OOS Coding:      0
Coding 0 [Coding process completed succesfully]
Calling UserHook
UserHook 0 [User Hook [A7GarUH.UserHook] Error 429]
Cleanup Policy
Closing Policy



